Flutter crash report.
Please report a bug at https://github.com/flutter/flutter/issues.

## command

flutter run --machine --start-paused -d chrome --devtools-server-address http://127.0.0.1:9100/ --target lib\main.dart

## exception

StateError: Bad state: No running isolate (inspector is not set).

```
#0      ChromeProxyService.inspector (package:dwds/src/services/chrome_proxy_service.dart:79:7)
#1      ChromeProxyService._prewarmExpressionCompilerCache (package:dwds/src/services/chrome_proxy_service.dart:222:34)
<asynchronous suspension>
```

## flutter doctor

```
[!] Flutter (Channel master, 3.8.0-12.0.pre.27, on Microsoft Windows [Version 10.0.19045.2604], locale en-US)
    • Flutter version 3.8.0-12.0.pre.27 on channel master at C:\src\flutter
    ! Warning: `dart` on your path resolves to C:\dart-sdk\bin\dart.exe, which is not inside your current Flutter SDK checkout at C:\src\flutter. Consider adding C:\src\flutter\bin to the front of your path.
    • Upstream repository https://github.com/flutter/flutter.git
    • Framework revision ce8efb439e (3 weeks ago), 2023-02-13 07:29:25 -0500
    • Engine revision ede2a0a3c3
    • Dart version 3.0.0 (build 3.0.0-231.0.dev)
    • DevTools version 2.21.1
    • If those were intentional, you can disregard the above warnings; however it is recommended to use "git" directly to perform update checks and upgrades.

[✓] Windows Version (Installed version of Windows is version 10 or higher)

[!] Android toolchain - develop for Android devices (Android SDK version 33.0.1)
    • Android SDK at C:\Users\hp\AppData\Local\Android\sdk
    ✗ cmdline-tools component is missing
      Run `path/to/sdkmanager --install "cmdline-tools;latest"`
      See https://developer.android.com/studio/command-line for more details.
    ✗ Android license status unknown.
      Run `flutter doctor --android-licenses` to accept the SDK licenses.
      See https://flutter.dev/docs/get-started/install/windows#android-setup for more details.

[✓] Chrome - develop for the web
    • Chrome at C:\Program Files\Google\Chrome\Application\chrome.exe

[✗] Visual Studio - develop for Windows
    ✗ Visual Studio not installed; this is necessary for Windows development.
      Download at https://visualstudio.microsoft.com/downloads/.
      Please install the "Desktop development with C++" workload, including all of its default components

[✓] Android Studio (version 2021.3)
    • Android Studio at C:\Program Files\Android\Android Studio
    • Flutter plugin can be installed from:
      🔨 https://plugins.jetbrains.com/plugin/9212-flutter
    • Dart plugin can be installed from:
      🔨 https://plugins.jetbrains.com/plugin/6351-dart
    • Java version OpenJDK Runtime Environment (build 11.0.13+0-b1751.21-8125866)

[✓] VS Code (version 1.76.0)
    • VS Code at C:\Users\hp\AppData\Local\Programs\Microsoft VS Code
    • Flutter extension version 3.60.0

[✓] Connected device (2 available)
    • Chrome (web) • chrome • web-javascript • Google Chrome 110.0.5481.178
    • Edge (web)   • edge   • web-javascript • Microsoft Edge 110.0.1587.57

[!] HTTP Host Availability
    ✗ HTTP host "https://cloud.google.com/" is not reachable. Reason: An error occurred while checking the HTTP host: Connection closed before full header was received

! Doctor found issues in 4 categories.
```
